*********Method #1 | readPersonList()*********

Reading all people...

Person #1
Person [Id=1, Firstname=Marika, Lastname=Kozma, Birthdate=2017-12-09T00:00:00+01:00,{
Activity
(Id=3, Name=Cooking, 
 Description=Japanese cooking class, 
 Place=Rovereto, 
 Type=SOCIAL, 
 startDate=2017-12-09T00:00:00+01:00),
Activity
(Id=2, Name=Running, 
 Description=Running on the track, 
 Place=Trento, 
 Type=SPORT, 
 startDate=2017-12-09T00:00:00+01:00),
Activity
(Id=54, Name=Random, 
 Description=Something new, 
 Place=Tata, 
 Type=SOCIAL, 
 startDate=null),
Activity
(Id=58, Name=Random, 
 Description=Something new, 
 Place=Tata, 
 Type=SOCIAL, 
 startDate=null),
Activity
(Id=62, Name=Random, 
 Description=Something new, 
 Place=Tata, 
 Type=SOCIAL, 
 startDate=null),
Activity
(Id=66, Name=Random, 
 Description=Something new, 
 Place=Tata, 
 Type=SOCIAL, 
 startDate=null),
Activity
(Id=71, Name=Random, 
 Description=Something new, 
 Place=Tata, 
 Type=SOCIAL, 
 startDate=null),
Activity
(Id=76, Name=Random, 
 Description=Something new, 
 Place=Tata, 
 Type=SOCIAL, 
 startDate=null)}]

Person #2
Person [Id=4, Firstname=Daniella, Lastname=Kanyicska, Birthdate=2017-12-09T00:00:00+01:00,{
Activity
(Id=6, Name=Summer school, 
 Description=EIT Digital summer school on Big Data, 
 Place=Stockholm, 
 Type=ACADEMIC, 
 startDate=2017-12-09T00:00:00+01:00),
Activity
(Id=5, Name=Museum, 
 Description=Attending history museum, 
 Place=Budpest, 
 Type=CULTURE, 
 startDate=2017-12-09T00:00:00+01:00)}]

Person #3
Person [Id=7, Firstname=Zsofia, Lastname=Lele, Birthdate=2017-12-09T00:00:00+01:00,{
Activity
(Id=8, Name=Treasure Hunt, 
 Description=Fun outdoors pub crawl with colleauges, 
 Place=Budapest, 
 Type=WORK, 
 startDate=2017-12-09T00:00:00+01:00),
Activity
(Id=9, Name=Dog Wlaking, 
 Description=Walking with the family dog, 
 Place=Tata, 
 Type=SOCIAL, 
 startDate=2017-12-09T00:00:00+01:00)}]

Person #4
Person [Id=10, Firstname=Kata, Lastname=Hermann, Birthdate=2017-12-09T00:00:00+01:00,{
Activity
(Id=11, Name=Shopping, 
 Description=Going to shopping centre, 
 Place=Vienna, 
 Type=SOCIAL, 
 startDate=2017-12-09T00:00:00+01:00),
Activity
(Id=12, Name=Exam, 
 Description=Proving results of studying in a semester, 
 Place=Budapest, 
 Type=ACADEMIC, 
 startDate=2017-12-09T00:00:00+01:00)}]

Person #5
Person [Id=13, Firstname=Mate, Lastname=Mirko, Birthdate=2017-12-09T00:00:00+01:00,{
Activity
(Id=14, Name=Yoga, 
 Description=Relaxing and streching, 
 Place=Budapest, 
 Type=SPORT, 
 startDate=2017-12-09T00:00:00+01:00),
Activity
(Id=15, Name=Hiking, 
 Description=Going up to mountain peaks, 
 Place=Trento, 
 Type=SPORT, 
 startDate=2017-12-09T00:00:00+01:00)}]


*********Method #2 | readPerson(long personid)*********
Reading Person with... 
personid=1

Person [Id=1, Firstname=Marika, Lastname=Kozma, Birthdate=2017-12-09T00:00:00+01:00,{
Activity
(Id=3, Name=Cooking, 
 Description=Japanese cooking class, 
 Place=Rovereto, 
 Type=SOCIAL, 
 startDate=2017-12-09T00:00:00+01:00),
Activity
(Id=2, Name=Running, 
 Description=Running on the track, 
 Place=Trento, 
 Type=SPORT, 
 startDate=2017-12-09T00:00:00+01:00),
Activity
(Id=54, Name=Random, 
 Description=Something new, 
 Place=Tata, 
 Type=SOCIAL, 
 startDate=null),
Activity
(Id=58, Name=Random, 
 Description=Something new, 
 Place=Tata, 
 Type=SOCIAL, 
 startDate=null),
Activity
(Id=62, Name=Random, 
 Description=Something new, 
 Place=Tata, 
 Type=SOCIAL, 
 startDate=null),
Activity
(Id=66, Name=Random, 
 Description=Something new, 
 Place=Tata, 
 Type=SOCIAL, 
 startDate=null),
Activity
(Id=71, Name=Random, 
 Description=Something new, 
 Place=Tata, 
 Type=SOCIAL, 
 startDate=null),
Activity
(Id=76, Name=Random, 
 Description=Something new, 
 Place=Tata, 
 Type=SOCIAL, 
 startDate=null)}]

*********Method #3 | updatePerson(Person person)*********
Updating Person...
person=Person [Id=1, Firstname=Marika, Lastname=Kozma, Birthdate=2017-12-09T00:00:00+01:00,{
Activity
(Id=3, Name=Cooking, 
 Description=Japanese cooking class, 
 Place=Rovereto, 
 Type=SOCIAL, 
 startDate=2017-12-09T00:00:00+01:00),
Activity
(Id=2, Name=Running, 
 Description=Running on the track, 
 Place=Trento, 
 Type=SPORT, 
 startDate=2017-12-09T00:00:00+01:00),
Activity
(Id=54, Name=Random, 
 Description=Something new, 
 Place=Tata, 
 Type=SOCIAL, 
 startDate=null),
Activity
(Id=58, Name=Random, 
 Description=Something new, 
 Place=Tata, 
 Type=SOCIAL, 
 startDate=null),
Activity
(Id=62, Name=Random, 
 Description=Something new, 
 Place=Tata, 
 Type=SOCIAL, 
 startDate=null),
Activity
(Id=66, Name=Random, 
 Description=Something new, 
 Place=Tata, 
 Type=SOCIAL, 
 startDate=null),
Activity
(Id=71, Name=Random, 
 Description=Something new, 
 Place=Tata, 
 Type=SOCIAL, 
 startDate=null),
Activity
(Id=76, Name=Random, 
 Description=Something new, 
 Place=Tata, 
 Type=SOCIAL, 
 startDate=null)}]

Person with id=1 has been updated.

*********Method #4 | createPerson(Person p)*********
Creating Person... 
p=Person [Id=N/A, Firstname=Lilla, Lastname=Kiss, Birthdate=1997-12-06,{
Activity
(Id=N/A, Name=Cleaning, 
 Description=Cleaning the house, 
 Place=Trento, 
 Type=WORK, 
 startDate=2017-12-06),
Activity
(Id=N/A, Name=Football, 
 Description=Playing football with a team, 
 Place=Milano, 
 Type=SPORT, 
 startDate=2017-12-06)}]

SUCCESS!Person with id=78 has been created.

*********Method #5 | deletePerson(Long id)*********
Deleting Person with... 
id=78

SUCCESS!Person with id=78 has been deleted.

*********Method #6 | readPersonPreferences(long personid, String activityType)*********

Reading activities with.. 
personid=1
activityType=Sport 

Activity #1

Activity
(Id=2, Name=Running, 
 Description=Running on the track, 
 Place=Trento, 
 Type=SPORT, 
 startDate=2017-12-09T00:00:00+01:00)


*********Method #7 | readPreferences()*********

Reading all activities...
Activity #1

Activity
(Id=3, Name=Cooking, 
 Description=Japanese cooking class, 
 Place=Rovereto, 
 Type=SOCIAL, 
 startDate=2017-12-09T00:00:00+01:00)

Activity #2

Activity
(Id=2, Name=Running, 
 Description=Running on the track, 
 Place=Trento, 
 Type=SPORT, 
 startDate=2017-12-09T00:00:00+01:00)

Activity #3

Activity
(Id=6, Name=Summer school, 
 Description=EIT Digital summer school on Big Data, 
 Place=Stockholm, 
 Type=ACADEMIC, 
 startDate=2017-12-09T00:00:00+01:00)

Activity #4

Activity
(Id=5, Name=Museum, 
 Description=Attending history museum, 
 Place=Budpest, 
 Type=CULTURE, 
 startDate=2017-12-09T00:00:00+01:00)

Activity #5

Activity
(Id=8, Name=Treasure Hunt, 
 Description=Fun outdoors pub crawl with colleauges, 
 Place=Budapest, 
 Type=WORK, 
 startDate=2017-12-09T00:00:00+01:00)

Activity #6

Activity
(Id=9, Name=Dog Wlaking, 
 Description=Walking with the family dog, 
 Place=Tata, 
 Type=SOCIAL, 
 startDate=2017-12-09T00:00:00+01:00)

Activity #7

Activity
(Id=11, Name=Shopping, 
 Description=Going to shopping centre, 
 Place=Vienna, 
 Type=SOCIAL, 
 startDate=2017-12-09T00:00:00+01:00)

Activity #8

Activity
(Id=12, Name=Exam, 
 Description=Proving results of studying in a semester, 
 Place=Budapest, 
 Type=ACADEMIC, 
 startDate=2017-12-09T00:00:00+01:00)

Activity #9

Activity
(Id=14, Name=Yoga, 
 Description=Relaxing and streching, 
 Place=Budapest, 
 Type=SPORT, 
 startDate=2017-12-09T00:00:00+01:00)

Activity #10

Activity
(Id=15, Name=Hiking, 
 Description=Going up to mountain peaks, 
 Place=Trento, 
 Type=SPORT, 
 startDate=2017-12-09T00:00:00+01:00)

Activity #11

Activity
(Id=62, Name=Random, 
 Description=Something new, 
 Place=Tata, 
 Type=SOCIAL, 
 startDate=null)

Activity #12

Activity
(Id=66, Name=Random, 
 Description=Something new, 
 Place=Tata, 
 Type=SOCIAL, 
 startDate=null)

Activity #13

Activity
(Id=67, Name=YAP, 
 Description=Yet Another Preference, 
 Place=Balatonfenyves, 
 Type=WORK, 
 startDate=null)

Activity #14

Activity
(Id=71, Name=Random, 
 Description=Something new, 
 Place=Tata, 
 Type=SOCIAL, 
 startDate=null)

Activity #15

Activity
(Id=72, Name=YAP, 
 Description=Yet Another Preference, 
 Place=Balatonfenyves, 
 Type=WORK, 
 startDate=null)

Activity #16

Activity
(Id=76, Name=Random, 
 Description=Something new, 
 Place=Tata, 
 Type=SOCIAL, 
 startDate=null)

Activity #17

Activity
(Id=77, Name=YAP, 
 Description=Yet Another Preference, 
 Place=Balatonfenyves, 
 Type=WORK, 
 startDate=null)


*********Method #8 | readPersonPreferencesWithId(long personid, long activity_id)*********

Activities with.. 
personid=1
activity_id=3


Activity
(Id=3, Name=Cooking, 
 Description=Japanese cooking class, 
 Place=Rovereto, 
 Type=SOCIAL, 
 startDate=2017-12-09T00:00:00+01:00)

*********Method #9 | savePersonPreferences(long personid, Activity activity)*********

Saving activitiy with.. 
personid=1
activity=
Activity
(Id=N/A, Name=Random, 
 Description=Something new, 
 Place=Tata, 
 Type=SOCIAL, 
 startDate=2017-12-09)

SUCCESS! Activity added to Person(id=1) with activity_id=81

*********Method #10 | updatePersonPreferences(long personid, Activity activity)*********

Updating Person with.. 
personid=1
activity=
Activity
(Id=N/A, Name=YAP, 
 Description=Yet Another Preference, 
 Place=Balatonfenyves, 
 Type=WORK, 
 startDate=2017-12-01)


Activity
(Id=82, Name=YAP, 
 Description=Yet Another Preference, 
 Place=Balatonfenyves, 
 Type=WORK, 
 startDate=null)
